<?xml version="1.0" encoding="UTF-8"?>
<testng-results skipped="0" failed="0" total="2" passed="2">
  <reporter-output>
  </reporter-output>
  <suite name="Default suite" duration-ms="41922" started-at="2015-09-26T16:49:18Z" finished-at="2015-09-26T16:50:00Z">
    <groups>
    </groups>
    <test name="Default test" duration-ms="41922" started-at="2015-09-26T16:49:18Z" finished-at="2015-09-26T16:50:00Z">
      <class name="simple.Log.NewLog">
        <test-method status="PASS" signature="beforeTest(org.testng.ITestContext)[pri:0, instance:simple.Log.NewLog@10375b3]" name="beforeTest" is-config="true" duration-ms="170" started-at="2015-09-26T22:19:18Z" finished-at="2015-09-26T22:19:18Z">
          <params>
            <param index="0">
              <value>
                <![CDATA[org.testng.TestRunner@1c9b0f5]]>
              </value>
            </param>
          </params>
          <reporter-output>
          </reporter-output>
        </test-method> <!-- beforeTest -->
        <test-method status="PASS" signature="beforeMethod(java.lang.reflect.Method)[pri:0, instance:simple.Log.NewLog@10375b3]" name="beforeMethod" is-config="true" duration-ms="40" started-at="2015-09-26T22:19:18Z" finished-at="2015-09-26T22:19:18Z">
          <params>
            <param index="0">
              <value>
                <![CDATA[public void simple.Log.NewLog.Googlelaunch()]]>
              </value>
            </param>
          </params>
          <reporter-output>
          </reporter-output>
        </test-method> <!-- beforeMethod -->
        <test-method status="PASS" signature="Googlelaunch()[pri:0, instance:simple.Log.NewLog@10375b3]" name="Googlelaunch" duration-ms="18445" started-at="2015-09-26T22:19:18Z" finished-at="2015-09-26T22:19:36Z">
          <reporter-output>
          </reporter-output>
        </test-method> <!-- Googlelaunch -->
        <test-method status="PASS" signature="afterMethod()[pri:0, instance:simple.Log.NewLog@10375b3]" name="afterMethod" is-config="true" duration-ms="228" started-at="2015-09-26T22:19:36Z" finished-at="2015-09-26T22:19:37Z">
          <reporter-output>
          </reporter-output>
        </test-method> <!-- afterMethod -->
        <test-method status="PASS" signature="beforeMethod(java.lang.reflect.Method)[pri:0, instance:simple.Log.NewLog@10375b3]" name="beforeMethod" is-config="true" duration-ms="37" started-at="2015-09-26T22:19:37Z" finished-at="2015-09-26T22:19:37Z">
          <params>
            <param index="0">
              <value>
                <![CDATA[public void simple.Log.NewLog.Yahoolaunch()]]>
              </value>
            </param>
          </params>
          <reporter-output>
          </reporter-output>
        </test-method> <!-- beforeMethod -->
        <test-method status="PASS" signature="Yahoolaunch()[pri:0, instance:simple.Log.NewLog@10375b3]" name="Yahoolaunch" duration-ms="22904" started-at="2015-09-26T22:19:37Z" finished-at="2015-09-26T22:20:00Z">
          <reporter-output>
          </reporter-output>
        </test-method> <!-- Yahoolaunch -->
        <test-method status="PASS" signature="afterMethod()[pri:0, instance:simple.Log.NewLog@10375b3]" name="afterMethod" is-config="true" duration-ms="61" started-at="2015-09-26T22:20:00Z" finished-at="2015-09-26T22:20:00Z">
          <reporter-output>
          </reporter-output>
        </test-method> <!-- afterMethod -->
      </class> <!-- simple.Log.NewLog -->
    </test> <!-- Default test -->
  </suite> <!-- Default suite -->
</testng-results>
